nohup: ignoring input

  .   ____          _            __ _ _
 /\\ / ___'_ __ _ _(_)_ __  __ _ \ \ \ \
( ( )\___ | '_ | '_| | '_ \/ _` | \ \ \ \
 \\/  ___)| |_)| | | | | || (_| |  ) ) ) )
  '  |____| .__|_| |_|_| |_\__, | / / / /
 =========|_|==============|___/=/_/_/_/
 :: Spring Boot ::        (v2.3.4.RELEASE)

2026-03-02 20:06:45.713  INFO 1388042 --- [           main] com.luxinx.account.AccountApplication    : Starting AccountApplication v0.0.1 on VM-24-16-opencloudos with PID 1388042 (/root/account/target/account-0.0.1.jar started by root in /root/account)
2026-03-02 20:06:45.716  INFO 1388042 --- [           main] com.luxinx.account.AccountApplication    : No active profile set, falling back to default profiles: default
2026-03-02 20:06:47.289  INFO 1388042 --- [           main] .s.d.r.c.RepositoryConfigurationDelegate : Bootstrapping Spring Data JDBC repositories in DEFAULT mode.
2026-03-02 20:06:47.307  INFO 1388042 --- [           main] .s.d.r.c.RepositoryConfigurationDelegate : Finished Spring Data repository scanning in 13ms. Found 0 JDBC repository interfaces.
2026-03-02 20:06:48.073  INFO 1388042 --- [           main] o.s.b.w.embedded.tomcat.TomcatWebServer  : Tomcat initialized with port(s): 8080 (http)
2026-03-02 20:06:48.084  INFO 1388042 --- [           main] o.apache.catalina.core.StandardService   : Starting service [Tomcat]
2026-03-02 20:06:48.085  INFO 1388042 --- [           main] org.apache.catalina.core.StandardEngine  : Starting Servlet engine: [Apache Tomcat/9.0.38]
2026-03-02 20:06:48.157  INFO 1388042 --- [           main] o.a.c.c.C.[.[localhost].[/account]       : Initializing Spring embedded WebApplicationContext
2026-03-02 20:06:48.157  INFO 1388042 --- [           main] w.s.c.ServletWebServerApplicationContext : Root WebApplicationContext: initialization completed in 2345 ms
2026-03-02 20:06:48.171  INFO 1388042 --- [           main] com.luxinx.config.DruidConfiguration     : init Druid Servlet Configuration
2026-03-02 20:06:48.478  INFO 1388042 --- [           main] o.s.boot.web.servlet.RegistrationBean    : Filter webStatFilter was not registered (possibly already registered?)
2026-03-02 20:06:48.480  INFO 1388042 --- [           main] o.s.boot.web.servlet.RegistrationBean    : Servlet statViewServlet was not registered (possibly already registered?)
2026-03-02 20:06:48.804  INFO 1388042 --- [           main] com.alibaba.druid.pool.DruidDataSource   : {dataSource-1} inited
2026-03-02 20:06:49.161  INFO 1388042 --- [           main] o.s.s.concurrent.ThreadPoolTaskExecutor  : Initializing ExecutorService 'applicationTaskExecutor'
2026-03-02 20:06:49.254  INFO 1388042 --- [           main] o.s.b.a.w.s.WelcomePageHandlerMapping    : Adding welcome page: class path resource [static/index.html]
2026-03-02 20:06:49.563  INFO 1388042 --- [           main] o.s.s.c.ThreadPoolTaskScheduler          : Initializing ExecutorService 'taskScheduler'
2026-03-02 20:06:49.573  INFO 1388042 --- [           main] o.s.b.a.e.web.EndpointLinksResolver      : Exposing 2 endpoint(s) beneath base path '/actuator'
2026-03-02 20:06:49.645  INFO 1388042 --- [           main] o.s.b.w.embedded.tomcat.TomcatWebServer  : Tomcat started on port(s): 8080 (http) with context path '/account'
2026-03-02 20:06:49.678  INFO 1388042 --- [           main] com.luxinx.account.AccountApplication    : Started AccountApplication in 4.695 seconds (JVM running for 5.241)
2026-03-02 20:06:51.746  INFO 1388042 --- [nio-8080-exec-2] o.a.c.c.C.[.[localhost].[/account]       : Initializing Spring DispatcherServlet 'dispatcherServlet'
2026-03-02 20:06:51.746  INFO 1388042 --- [nio-8080-exec-2] o.s.web.servlet.DispatcherServlet        : Initializing Servlet 'dispatcherServlet'
2026-03-02 20:06:51.753  INFO 1388042 --- [nio-8080-exec-2] o.s.web.servlet.DispatcherServlet        : Completed initialization in 7 ms
2026-03-02 20:58:13.257  INFO 1388042 --- [nio-8080-exec-9] o.apache.coyote.http11.Http11Processor   : Error parsing HTTP request header
 Note: further occurrences of HTTP request parsing errors will be logged at DEBUG level.

java.lang.IllegalArgumentException: Invalid character found in method name [0x160x030x010x000xee0x010x000x000xea0x030x030xf20x870xc30xef0xe7}h0xc010xd70x890xc3U$0xf1-o0x8f0x19T([W0xd70x090x1f0x0b0xcc}0xa5o0xf3]. HTTP method names must be tokens
	at org.apache.coyote.http11.Http11InputBuffer.parseRequestLine(Http11InputBuffer.java:413) ~[tomcat-embed-core-9.0.38.jar!/:9.0.38]
	at org.apache.coyote.http11.Http11Processor.service(Http11Processor.java:261) ~[tomcat-embed-core-9.0.38.jar!/:9.0.38]
	at org.apache.coyote.AbstractProcessorLight.process(AbstractProcessorLight.java:65) ~[tomcat-embed-core-9.0.38.jar!/:9.0.38]
	at org.apache.coyote.AbstractProtocol$ConnectionHandler.process(AbstractProtocol.java:868) ~[tomcat-embed-core-9.0.38.jar!/:9.0.38]
	at org.apache.tomcat.util.net.NioEndpoint$SocketProcessor.doRun(NioEndpoint.java:1590) ~[tomcat-embed-core-9.0.38.jar!/:9.0.38]
	at org.apache.tomcat.util.net.SocketProcessorBase.run(SocketProcessorBase.java:49) ~[tomcat-embed-core-9.0.38.jar!/:9.0.38]
	at java.base/java.util.concurrent.ThreadPoolExecutor.runWorker(ThreadPoolExecutor.java:1136) ~[na:na]
	at java.base/java.util.concurrent.ThreadPoolExecutor$Worker.run(ThreadPoolExecutor.java:635) ~[na:na]
	at org.apache.tomcat.util.threads.TaskThread$WrappingRunnable.run(TaskThread.java:61) ~[tomcat-embed-core-9.0.38.jar!/:9.0.38]
	at java.base/java.lang.Thread.run(Thread.java:840) ~[na:na]

2026-03-03 08:41:34.317  INFO 1388042 --- [nio-8080-exec-6] o.apache.coyote.http11.Http11Processor   : Error parsing HTTP request header
 Note: further occurrences of HTTP request parsing errors will be logged at DEBUG level.

java.lang.IllegalArgumentException: Invalid character found in method name [0x160x030x010x000xee0x010x000x000xea0x030x030xe1W0x8c0xf90x030x1d0x8b0xe20x0f00x94^}I!.0x15Z0xe50x0dI0x92r0x910x970xd9=0xadi0xe80x190xd6]. HTTP method names must be tokens
	at org.apache.coyote.http11.Http11InputBuffer.parseRequestLine(Http11InputBuffer.java:413) ~[tomcat-embed-core-9.0.38.jar!/:9.0.38]
	at org.apache.coyote.http11.Http11Processor.service(Http11Processor.java:261) ~[tomcat-embed-core-9.0.38.jar!/:9.0.38]
	at org.apache.coyote.AbstractProcessorLight.process(AbstractProcessorLight.java:65) ~[tomcat-embed-core-9.0.38.jar!/:9.0.38]
	at org.apache.coyote.AbstractProtocol$ConnectionHandler.process(AbstractProtocol.java:868) ~[tomcat-embed-core-9.0.38.jar!/:9.0.38]
	at org.apache.tomcat.util.net.NioEndpoint$SocketProcessor.doRun(NioEndpoint.java:1590) ~[tomcat-embed-core-9.0.38.jar!/:9.0.38]
	at org.apache.tomcat.util.net.SocketProcessorBase.run(SocketProcessorBase.java:49) ~[tomcat-embed-core-9.0.38.jar!/:9.0.38]
	at java.base/java.util.concurrent.ThreadPoolExecutor.runWorker(ThreadPoolExecutor.java:1136) ~[na:na]
	at java.base/java.util.concurrent.ThreadPoolExecutor$Worker.run(ThreadPoolExecutor.java:635) ~[na:na]
	at org.apache.tomcat.util.threads.TaskThread$WrappingRunnable.run(TaskThread.java:61) ~[tomcat-embed-core-9.0.38.jar!/:9.0.38]
	at java.base/java.lang.Thread.run(Thread.java:840) ~[na:na]

2026-03-03 10:10:54.453  INFO 1388042 --- [extShutdownHook] o.s.s.c.ThreadPoolTaskScheduler          : Shutting down ExecutorService 'taskScheduler'
2026-03-03 10:10:54.478  INFO 1388042 --- [extShutdownHook] o.s.s.concurrent.ThreadPoolTaskExecutor  : Shutting down ExecutorService 'applicationTaskExecutor'
2026-03-03 10:10:54.497  INFO 1388042 --- [extShutdownHook] com.alibaba.druid.pool.DruidDataSource   : {dataSource-1} closed
